[5514modding.com/index.html]
[backblue.gif]
[fade.gif]
[index.html]
[static.cloudflareinsights.com/beacon.min.js]
[5514modding.com/index.js]
[5514modding.com/style.css]
[5514modding.com/favicon.ico]
[5514modding.com/src/pages_icon.png]
[5514modding.com/src/home_icon.png]
[5514modding.com/src/tools_icon.png]
[5514modding.com/src/egg_icon.png]
[5514modding.com/src/gun_icon.png]
[5514modding.com/src/support_icon.png]
[5514modding.com/src/social_icon.png]
[5514modding.com/src/about_icon.png]
[5514modding.com/index.html]
[5514modding.com/src/news_icon.png]
[5514modding.com/src/bg.png]
[5514modding.com/src/logo.png]
[5514modding.com/style.css]
